Traceback (most recent call last):
  File "/opt/anaconda3/lib/python3.9/site-packages/jupyter_cache/executors/utils.py", line 51, in single_nb_execution
    executenb(
  File "/opt/anaconda3/lib/python3.9/site-packages/nbclient/client.py", line 1204, in execute
    return NotebookClient(nb=nb, resources=resources, km=km, **kwargs).execute()
  File "/opt/anaconda3/lib/python3.9/site-packages/nbclient/util.py", line 84, in wrapped
    return just_run(coro(*args, **kwargs))
  File "/opt/anaconda3/lib/python3.9/site-packages/nbclient/util.py", line 62, in just_run
    return loop.run_until_complete(coro)
  File "/opt/anaconda3/lib/python3.9/asyncio/base_events.py", line 642, in run_until_complete
    return future.result()
  File "/opt/anaconda3/lib/python3.9/site-packages/nbclient/client.py", line 663, in async_execute
    await self.async_execute_cell(
  File "/opt/anaconda3/lib/python3.9/site-packages/nbclient/client.py", line 965, in async_execute_cell
    await self._check_raise_for_error(cell, cell_index, exec_reply)
  File "/opt/anaconda3/lib/python3.9/site-packages/nbclient/client.py", line 862, in _check_raise_for_error
    raise CellExecutionError.from_cell_and_msg(cell, exec_reply_content)
nbclient.exceptions.CellExecutionError: An error occurred while executing the following cell:
------------------
#-------------------
# Import Python Bibliotheken
import streamlit as st 

#-------------------
# Text der Startseite
st.write("# Data Science and MLOps")

st.sidebar.success("Wähle eine Seite aus")

st.markdown(
    """
    Innerhalb des Streamlit Dashboards werden die Ergebnisse des Projekts "Data Science and MLOps" für den Datensatz "Used auction car prices" dargestellt.
    
    ### Wähle eine der folgenden Seiten über das Seitenmenü aus:
    - Beispiel Prognose
    - EDA
    - Individuelle Preisprognose für Gebrauchtwagen
    """
)

------------------

[0;31m---------------------------------------------------------------------------[0m
[0;31mModuleNotFoundError[0m                       Traceback (most recent call last)
[0;32m/var/folders/df/nc1vtthj247d1h5l5689kdxh0000gn/T/ipykernel_48662/3001522037.py[0m in [0;36m<module>[0;34m[0m
[1;32m      1[0m [0;31m#-------------------[0m[0;34m[0m[0;34m[0m[0m
[1;32m      2[0m [0;31m# Import Python Bibliotheken[0m[0;34m[0m[0;34m[0m[0m
[0;32m----> 3[0;31m [0;32mimport[0m [0mstreamlit[0m [0;32mas[0m [0mst[0m[0;34m[0m[0;34m[0m[0m
[0m[1;32m      4[0m [0;34m[0m[0m
[1;32m      5[0m [0;31m#-------------------[0m[0;34m[0m[0;34m[0m[0m

[0;31mModuleNotFoundError[0m: No module named 'streamlit'
ModuleNotFoundError: No module named 'streamlit'

